{
  "stats": {
    "suites": 1,
    "tests": 2,
    "passes": 2,
    "pending": 0,
    "failures": 0,
    "start": "2020-05-11T10:32:54.034Z",
    "end": "2020-05-11T10:33:25.577Z",
    "duration": 31543,
    "testsRegistered": 2,
    "passPercent": 100,
    "pendingPercent": 0,
    "other": 0,
    "hasOther": false,
    "skipped": 0,
    "hasSkipped": false
  },
  "results": [
    {
      "uuid": "feb94b55-1770-4453-9613-ee307a9f5119",
      "title": "",
      "fullFile": "cypress\\integration\\home_screen.spec.js",
      "file": "cypress\\integration\\home_screen.spec.js",
      "beforeHooks": [],
      "afterHooks": [],
      "tests": [],
      "suites": [
        {
          "uuid": "9c252243-9c30-40db-9cce-3ade0b39a2ec",
          "title": "Home Screen Scenarios",
          "fullFile": "",
          "file": "",
          "beforeHooks": [],
          "afterHooks": [],
          "tests": [
            {
              "title": "Verify pagetitle text and down arrow",
              "fullTitle": "Home Screen Scenarios Verify pagetitle text and down arrow",
              "timedOut": null,
              "duration": 9687,
              "state": "passed",
              "speed": "slow",
              "pass": true,
              "fail": false,
              "pending": false,
              "context": null,
              "code": "cy.get('[class=\"pagetitle c\"]').find('h1').should('contain', 'We help students across the journey of a lifetime.').and('have.css', 'text-align', 'center');\ncy.get('[class=\"home-more\"]', {\n  timeout: 5000\n}).click();\ncy.get('#section-learn-more').find('h2').should('contain', 'How can we help your students?').and('be.visible').and('have.css', 'text-align', 'center');",
              "err": {},
              "uuid": "572a5cc7-dd30-43cf-a215-418e6aec70e7",
              "parentUUID": "9c252243-9c30-40db-9cce-3ade0b39a2ec",
              "isHook": false,
              "skipped": false
            },
            {
              "title": "Verify hamburger menu and items in list",
              "fullTitle": "Home Screen Scenarios Verify hamburger menu and items in list",
              "timedOut": null,
              "duration": 15655,
              "state": "passed",
              "speed": "slow",
              "pass": true,
              "fail": false,
              "pending": false,
              "context": null,
              "code": "cy.get('[class=\"menu\"]').should('contain', 'Menu').click(); //Home\ncy.get('nav ul li a').should('contain', 'Home'); //Solutions  \ncy.get('nav ul li a').contains('Solutions').click();\ncy.get('[class=\"expand\"] li').find('a').should('have.length', 3);\ncy.get('nav ul li a').contains('Solutions').click();\ncy.get('[class=\"expand\"]').should('not.exist'); //Services\ncy.get('nav ul li a').should('contain', 'Services'); //Resources \ncy.get('nav ul li a').contains('Resources').click();\ncy.get('[class=\"expand\"] li').find('a').should('have.length', 8).eq(2).should('contain', 'Events');\ncy.get('nav ul li a').contains('Resources').click();\ncy.get('[class=\"expand\"]').should('not.exist'); //About  \ncy.get('nav ul li a').contains('About').click();\ncy.get('[class=\"expand\"] li').find('a').should('have.length', 5);\ncy.get('nav ul li a').contains('About').click();\ncy.get('[class=\"expand\"]').should('not.exist'); //Blog\ncy.get('nav ul li a').should('contain', 'Blog');",
              "err": {},
              "uuid": "8269d8fa-1ff2-4b89-817c-4e4a5eff6452",
              "parentUUID": "9c252243-9c30-40db-9cce-3ade0b39a2ec",
              "isHook": false,
              "skipped": false
            }
          ],
          "suites": [],
          "passes": [
            "572a5cc7-dd30-43cf-a215-418e6aec70e7",
            "8269d8fa-1ff2-4b89-817c-4e4a5eff6452"
          ],
          "failures": [],
          "pending": [],
          "skipped": [],
          "duration": 25342,
          "root": false,
          "rootEmpty": false,
          "_timeout": 2000
        }
      ],
      "passes": [],
      "failures": [],
      "pending": [],
      "skipped": [],
      "duration": 0,
      "root": true,
      "rootEmpty": true,
      "_timeout": 2000
    }
  ],
  "meta": {
    "mocha": {
      "version": "7.0.1"
    },
    "mochawesome": {
      "options": {
        "quiet": false,
        "reportFilename": "mochawesome",
        "saveHtml": false,
        "saveJson": true,
        "consoleReporter": "spec",
        "useInlineDiffs": false,
        "code": true
      },
      "version": "6.1.1"
    },
    "marge": {
      "options": {
        "id": "default",
        "reportDir": "cypress/reports/mocha",
        "quite": true,
        "overwrite": false,
        "html": false,
        "json": true
      },
      "version": "5.1.0"
    }
  }
}