{
  "stats": {
    "suites": 1,
    "tests": 1,
    "passes": 1,
    "pending": 0,
    "failures": 0,
    "start": "2020-05-11T10:33:57.344Z",
    "end": "2020-05-11T10:34:31.479Z",
    "duration": 34135,
    "testsRegistered": 1,
    "passPercent": 100,
    "pendingPercent": 0,
    "other": 0,
    "hasOther": false,
    "skipped": 0,
    "hasSkipped": false
  },
  "results": [
    {
      "uuid": "6d39ba71-7519-4212-9fe3-f49532adaa32",
      "title": "",
      "fullFile": "cypress\\integration\\resource_events_screen.spec.js",
      "file": "cypress\\integration\\resource_events_screen.spec.js",
      "beforeHooks": [],
      "afterHooks": [],
      "tests": [],
      "suites": [
        {
          "uuid": "4356a056-5860-466d-a0f5-aa9be8845d0e",
          "title": "Events Screen Scenarios",
          "fullFile": "",
          "file": "",
          "beforeHooks": [],
          "afterHooks": [],
          "tests": [
            {
              "title": "Verify events on the page occurs in the future",
              "fullTitle": "Events Screen Scenarios Verify events on the page occurs in the future",
              "timedOut": null,
              "duration": 26541,
              "state": "passed",
              "speed": "slow",
              "pass": true,
              "fail": false,
              "pending": false,
              "context": null,
              "code": "//Alias\ncy.get('[id=\"articles\"] [class=\"listing res-events nm\"]').as('events');\ncy.get('[id=\"articles\"] [class=\"listing res-events nm\"] [class=\"txt\"] p').as('eventText');\ncy.get('[id=\"articles\"] [class=\"listing res-events everythird\"] [class=\"txt\"]').as('thirdColumnEvents');\ncy.get('@events').should('have.length', 6);\ncy.get('@thirdColumnEvents').should('have.length', 3); //Verified future event data.  \ncy.get('@thirdColumnEvents').find('h4 a').should('contain', 'ERDI Summer 2020');\ncy.get('@thirdColumnEvents').find('p').and('contain', 'July 2020').and('contain', 'Education Research & Development Institute Summer 2020'); //Following partial logic was created to assert that whether event occurs in future. \n//Limitation is that the dates in front-end do not follow a specific format and for some events dates are missing.  \n//From automation engineer point of view better approach would be to follow a standard date template and an expected mock data should be provided.\n// const expected = 2020;\n// cy.get('@eventText'). then(result =>{\n//     Object.keys(result).forEach((item,index) => {\n//         cy.get(result)\n//         .eq(index)\n//         .should('contain',expected)\n//      })\n//  })",
              "err": {},
              "uuid": "ad2b3225-5f6d-4c0a-85f2-12db7686aa62",
              "parentUUID": "4356a056-5860-466d-a0f5-aa9be8845d0e",
              "isHook": false,
              "skipped": false
            }
          ],
          "suites": [],
          "passes": [
            "ad2b3225-5f6d-4c0a-85f2-12db7686aa62"
          ],
          "failures": [],
          "pending": [],
          "skipped": [],
          "duration": 26541,
          "root": false,
          "rootEmpty": false,
          "_timeout": 2000
        }
      ],
      "passes": [],
      "failures": [],
      "pending": [],
      "skipped": [],
      "duration": 0,
      "root": true,
      "rootEmpty": true,
      "_timeout": 2000
    }
  ],
  "meta": {
    "mocha": {
      "version": "7.0.1"
    },
    "mochawesome": {
      "options": {
        "quiet": false,
        "reportFilename": "mochawesome",
        "saveHtml": false,
        "saveJson": true,
        "consoleReporter": "spec",
        "useInlineDiffs": false,
        "code": true
      },
      "version": "6.1.1"
    },
    "marge": {
      "options": {
        "id": "default",
        "reportDir": "cypress/reports/mocha",
        "quite": true,
        "overwrite": false,
        "html": false,
        "json": true
      },
      "version": "5.1.0"
    }
  }
}